build/app/intermediates/manifest_merge_blame_file/debug/manifest-merger-blame-debug-report.txt
1<?xml version="1.0" encoding="utf-8"?>
2<manifest xmlns:android="http://schemas.android.com/apk/res/android"
3    package="com.activeitzone.active_ecommerce_flutter_app"
4    android:versionCode="29"
5    android:versionName="4.0.0" >
6
7    <uses-sdk
8        android:minSdkVersion="21"
9        android:targetSdkVersion="33" />
10    <!--
11         Flutter needs it to communicate with the running application
12         to allow setting breakpoints, to provide hot reload, etc.
13    -->
14    <uses-permission android:name="android.permission.INTERNET" />
14-->src\main\AndroidManifest.xml:9:5-66
14-->src\main\AndroidManifest.xml:9:22-64
15    <uses-permission android:name="android.permission.ACCESS_FINE_LOCATION" />
15-->src\main\AndroidManifest.xml:10:5-78
15-->src\main\AndroidManifest.xml:10:22-76
16    <uses-permission android:name="android.permission.ACCESS_COARSE_LOCATION" /> <!-- <uses-permission android:name="android.permission.REQUEST_INSTALL_PACKAGES" /> -->
16-->src\main\AndroidManifest.xml:11:5-81
16-->src\main\AndroidManifest.xml:11:22-78
17    <uses-permission android:name="android.permission.WRITE_EXTERNAL_STORAGE" />
17-->src\main\AndroidManifest.xml:14:5-80
17-->src\main\AndroidManifest.xml:14:22-78
18    <uses-permission android:name="android.permission.READ_EXTERNAL_STORAGE" />
18-->src\main\AndroidManifest.xml:15:5-79
18-->src\main\AndroidManifest.xml:15:22-77
19    <uses-permission android:name="android.permission.ACCESS_MEDIA_LOCATION" />
19-->src\main\AndroidManifest.xml:16:5-79
19-->src\main\AndroidManifest.xml:16:22-77
20
21    <queries>
21-->src\main\AndroidManifest.xml:171:5-184:15
22
23        <!-- If your app checks for SMS support -->
24        <intent>
24-->src\main\AndroidManifest.xml:173:9-176:18
25            <action android:name="android.intent.action.VIEW" />
25-->src\main\AndroidManifest.xml:174:13-65
25-->src\main\AndroidManifest.xml:174:21-62
26
27            <data android:scheme="sms" />
27-->src\main\AndroidManifest.xml:175:13-42
27-->src\main\AndroidManifest.xml:175:19-39
28        </intent>
29
30        <!-- If your app checks for call support -->
31
32        <intent>
32-->src\main\AndroidManifest.xml:180:9-183:18
33            <action android:name="android.intent.action.VIEW" />
33-->src\main\AndroidManifest.xml:174:13-65
33-->src\main\AndroidManifest.xml:174:21-62
34
35            <data android:scheme="tel" />
35-->src\main\AndroidManifest.xml:175:13-42
35-->src\main\AndroidManifest.xml:175:19-39
36        </intent>
37        <intent>
37-->[:flutter_downloader] AndroidManifest.xml:11:9-13:18
38            <action android:name="android.intent.action.VIEW" />
38-->src\main\AndroidManifest.xml:174:13-65
38-->src\main\AndroidManifest.xml:174:21-62
39        </intent>
40        <intent>
40-->[:twitter_login] AndroidManifest.xml:10:9-12:18
41            <action android:name="android.support.customtabs.action.CustomTabsService" />
41-->[:twitter_login] AndroidManifest.xml:11:13-90
41-->[:twitter_login] AndroidManifest.xml:11:21-87
42        </intent>
43
44        <package android:name="com.facebook.katana" /> <!-- Needs to be explicitly declared on Android R+ -->
44-->[com.facebook.android:facebook-common:16.0.1] AndroidManifest.xml:18:9-55
44-->[com.facebook.android:facebook-common:16.0.1] AndroidManifest.xml:18:18-52
45        <package android:name="com.google.android.apps.maps" />
45-->[com.google.android.gms:play-services-maps:18.1.0] AndroidManifest.xml:33:9-64
45-->[com.google.android.gms:play-services-maps:18.1.0] AndroidManifest.xml:33:18-61
46    </queries>
47
48    <uses-permission android:name="android.permission.WAKE_LOCK" />
48-->[:firebase_messaging] AndroidManifest.xml:10:5-68
48-->[:firebase_messaging] AndroidManifest.xml:10:22-65
49    <uses-permission android:name="android.permission.ACCESS_NETWORK_STATE" /> <!-- Permissions options for the `notification` group -->
49-->[:firebase_messaging] AndroidManifest.xml:11:5-79
49-->[:firebase_messaging] AndroidManifest.xml:11:22-76
50    <uses-permission android:name="android.permission.POST_NOTIFICATIONS" />
50-->[:firebase_messaging] AndroidManifest.xml:13:5-77
50-->[:firebase_messaging] AndroidManifest.xml:13:22-74
51    <uses-permission android:name="android.permission.FOREGROUND_SERVICE" />
51-->[:geolocator_android] AndroidManifest.xml:9:5-77
51-->[:geolocator_android] AndroidManifest.xml:9:22-74
52    <uses-permission android:name="android.permission.RECEIVE_BOOT_COMPLETED" />
52-->[:flutter_local_notifications] AndroidManifest.xml:9:5-81
52-->[:flutter_local_notifications] AndroidManifest.xml:9:22-78
53    <uses-permission android:name="android.permission.VIBRATE" />
53-->[:flutter_local_notifications] AndroidManifest.xml:10:5-66
53-->[:flutter_local_notifications] AndroidManifest.xml:10:22-63
54    <uses-permission android:name="android.permission.USE_FULL_SCREEN_INTENT" />
54-->[:flutter_local_notifications] AndroidManifest.xml:11:5-81
54-->[:flutter_local_notifications] AndroidManifest.xml:11:22-78
55    <uses-permission android:name="android.permission.SCHEDULE_EXACT_ALARM" />
55-->[:flutter_local_notifications] AndroidManifest.xml:12:5-79
55-->[:flutter_local_notifications] AndroidManifest.xml:12:22-76
56
57    <meta-data
57-->[:social_share] AndroidManifest.xml:10:5-12:29
58        android:name="flutterEmbedding"
58-->[:social_share] AndroidManifest.xml:11:9-40
59        android:value="2" />
59-->[:social_share] AndroidManifest.xml:12:9-26
60
61    <uses-feature
61-->[com.google.android.gms:play-services-maps:18.1.0] AndroidManifest.xml:26:5-28:35
62        android:glEsVersion="0x00020000"
62-->[com.google.android.gms:play-services-maps:18.1.0] AndroidManifest.xml:27:9-41
63        android:required="true" /> <!-- Required by older versions of Google Play services to create IID tokens -->
63-->[com.google.android.gms:play-services-maps:18.1.0] AndroidManifest.xml:28:9-32
64    <uses-permission android:name="com.google.android.c2dm.permission.RECEIVE" />
64-->[com.google.firebase:firebase-messaging:23.1.2] AndroidManifest.xml:28:5-82
64-->[com.google.firebase:firebase-messaging:23.1.2] AndroidManifest.xml:28:22-79
65    <uses-permission android:name="com.google.android.finsky.permission.BIND_GET_INSTALL_REFERRER_SERVICE" />
65-->[com.google.android.gms:play-services-measurement:21.2.2] AndroidManifest.xml:26:5-110
65-->[com.google.android.gms:play-services-measurement:21.2.2] AndroidManifest.xml:26:22-107
66
67    <permission
67-->[androidx.core:core:1.10.1] AndroidManifest.xml:22:5-24:47
68        android:name="com.activeitzone.active_ecommerce_flutter_app.DYNAMIC_RECEIVER_NOT_EXPORTED_PERMISSION"
68-->[androidx.core:core:1.10.1] AndroidManifest.xml:23:9-81
69        android:protectionLevel="signature" />
69-->[androidx.core:core:1.10.1] AndroidManifest.xml:24:9-44
70
71    <uses-permission android:name="com.activeitzone.active_ecommerce_flutter_app.DYNAMIC_RECEIVER_NOT_EXPORTED_PERMISSION" />
71-->[androidx.core:core:1.10.1] AndroidManifest.xml:26:5-97
71-->[androidx.core:core:1.10.1] AndroidManifest.xml:26:22-94
72
73    <application
74        android:name="android.app.Application"
75        android:appComponentFactory="androidx.core.app.CoreComponentFactory"
75-->[androidx.core:core:1.10.1] AndroidManifest.xml:28:18-86
76        android:debuggable="true"
77        android:icon="@mipmap/ic_launcher"
78        android:label="Active Ecommerce Flutter App"
79        android:networkSecurityConfig="@xml/network_security_config"
80        android:requestLegacyExternalStorage="true"
81        android:supportsRtl="true"
81-->[com.facebook.android:facebook-login:16.0.1] AndroidManifest.xml:16:18-44
82        android:usesCleartextTraffic="true" >
83        <provider
84            android:name="vn.hunghd.flutterdownloader.DownloadedFileProvider"
85            android:authorities="com.activeitzone.active_ecommerce_flutter_app.flutter_downloader.provider"
86            android:exported="false"
87            android:grantUriPermissions="true" >
88            <meta-data
88-->[:image_picker_android] AndroidManifest.xml:15:13-17:75
89                android:name="android.support.FILE_PROVIDER_PATHS"
89-->[:image_picker_android] AndroidManifest.xml:16:17-67
90                android:resource="@xml/provider_paths" />
90-->[:image_picker_android] AndroidManifest.xml:17:17-72
91        </provider>
92        <!-- disable default Initializer -->
93        <provider
94            android:name="androidx.startup.InitializationProvider"
95            android:authorities="com.activeitzone.active_ecommerce_flutter_app.androidx-startup"
96            android:exported="false" >
97            <meta-data
97-->[androidx.profileinstaller:profileinstaller:1.3.0] AndroidManifest.xml:29:13-31:52
98                android:name="androidx.profileinstaller.ProfileInstallerInitializer"
98-->[androidx.profileinstaller:profileinstaller:1.3.0] AndroidManifest.xml:30:17-85
99                android:value="androidx.startup" />
99-->[androidx.profileinstaller:profileinstaller:1.3.0] AndroidManifest.xml:31:17-49
100        </provider>
101
102        <!-- declare customized Initializer -->
103        <provider
104            android:name="vn.hunghd.flutterdownloader.FlutterDownloaderInitializer"
105            android:authorities="com.activeitzone.active_ecommerce_flutter_app.flutter-downloader-init"
106            android:exported="false" >
107
108            <!-- changes this number to configure the maximum number of concurrent tasks -->
109            <meta-data
110                android:name="vn.hunghd.flutterdownloader.MAX_CONCURRENT_TASKS"
111                android:value="5" />
112        </provider>
113        <!-- End FlutterDownloader customization -->
114
115        <activity
116            android:name="com.example.active_ecommerce_flutter.MainActivity"
117            android:configChanges="orientation|keyboardHidden|keyboard|screenSize|smallestScreenSize|locale|layoutDirection|fontScale|screenLayout|density|uiMode"
118            android:exported="true"
119            android:hardwareAccelerated="true"
120            android:launchMode="singleTop"
121            android:theme="@style/LaunchTheme"
122            android:windowSoftInputMode="adjustResize" >
123
124            <!--
125                 Specifies an Android theme to apply to this Activity as soon as
126                 the Android process has started. This theme is visible to the user
127                 while the Flutter UI initializes. After that, this theme continues
128                 to determine the Window background behind the Flutter UI.
129            -->
130            <meta-data
131                android:name="io.flutter.embedding.android.NormalTheme"
132                android:resource="@style/NormalTheme" />
133            <!--
134                 Displays an Android View that continues showing the launch screen
135                 Drawable until Flutter paints its first frame, then this splash
136                 screen fades out. A splash screen is useful to avoid any visual
137                 gap between the end of Android's launch screen and the painting of
138                 Flutter's first frame.
139            -->
140            <meta-data
141                android:name="io.flutter.embedding.android.SplashScreenDrawable"
142                android:resource="@drawable/launch_background" />
143
144            <intent-filter>
145                <action android:name="android.intent.action.MAIN" />
146
147                <category android:name="android.intent.category.LAUNCHER" />
148            </intent-filter>
149            <intent-filter>
150                <action android:name="FLUTTER_NOTIFICATION_CLICK" />
151
152                <category android:name="android.intent.category.DEFAULT" />
152-->[com.google.firebase:firebase-auth:22.0.0] AndroidManifest.xml:38:17-76
152-->[com.google.firebase:firebase-auth:22.0.0] AndroidManifest.xml:38:27-73
153            </intent-filter>
154            <intent-filter>
155                <action android:name="android.intent.action.VIEW" />
155-->src\main\AndroidManifest.xml:174:13-65
155-->src\main\AndroidManifest.xml:174:21-62
156
157                <category android:name="android.intent.category.DEFAULT" />
157-->[com.google.firebase:firebase-auth:22.0.0] AndroidManifest.xml:38:17-76
157-->[com.google.firebase:firebase-auth:22.0.0] AndroidManifest.xml:38:27-73
158                <category android:name="android.intent.category.BROWSABLE" />
158-->[com.google.firebase:firebase-auth:22.0.0] AndroidManifest.xml:39:17-78
158-->[com.google.firebase:firebase-auth:22.0.0] AndroidManifest.xml:39:27-75
159                <!-- Accepts URIs that begin with "example://gizmos” -->
160                <!-- Registered Callback URLs in TwitterApp -->
161                <data android:scheme="activeecommerceflutterapp" /> <!-- host is option -->
161-->src\main\AndroidManifest.xml:175:13-42
161-->src\main\AndroidManifest.xml:175:19-39
162            </intent-filter>
163        </activity>
164        <!--
165             Don't delete the meta-data below.
166             This is used by the Flutter tool to generate GeneratedPluginRegistrant.java
167        -->
168        <meta-data
168-->[:social_share] AndroidManifest.xml:10:5-12:29
169            android:name="flutterEmbedding"
169-->[:social_share] AndroidManifest.xml:11:9-40
170            android:value="2" />
170-->[:social_share] AndroidManifest.xml:12:9-26
171        <meta-data
172            android:name="com.google.android.geo.API_KEY"
173            android:value="" />
174
175        <!-- Facebook Login configuration -->
176        <meta-data
177            android:name="com.facebook.sdk.ApplicationId"
178            android:value="@string/facebook_app_id" />
179        <meta-data
180            android:name="com.facebook.sdk.ClientToken"
181            android:value="@string/facebook_client_token" />
182
183        <activity
184            android:name="com.facebook.FacebookActivity"
185            android:configChanges="keyboard|keyboardHidden|screenLayout|screenSize|orientation"
186            android:exported="true"
187            android:label="@string/app_name"
188            android:theme="@style/com_facebook_activity_theme" />
188-->[com.facebook.android:facebook-common:16.0.1] AndroidManifest.xml:25:13-63
189
190        <!-- Set up the Sign in with Apple activity, such that it's callable from the browser-redirect -->
191        <activity
192            android:name="com.aboutyou.dart_packages.sign_in_with_apple.SignInWithAppleCallback"
193            android:exported="true" >
194            <intent-filter>
195                <action android:name="android.intent.action.VIEW" />
195-->src\main\AndroidManifest.xml:174:13-65
195-->src\main\AndroidManifest.xml:174:21-62
196
197                <category android:name="android.intent.category.DEFAULT" />
197-->[com.google.firebase:firebase-auth:22.0.0] AndroidManifest.xml:38:17-76
197-->[com.google.firebase:firebase-auth:22.0.0] AndroidManifest.xml:38:27-73
198                <category android:name="android.intent.category.BROWSABLE" />
198-->[com.google.firebase:firebase-auth:22.0.0] AndroidManifest.xml:39:17-78
198-->[com.google.firebase:firebase-auth:22.0.0] AndroidManifest.xml:39:27-75
199
200                <data android:scheme="signinwithapple" />
200-->src\main\AndroidManifest.xml:175:13-42
200-->src\main\AndroidManifest.xml:175:19-39
201                <data android:path="callback" />
201-->src\main\AndroidManifest.xml:175:13-42
202            </intent-filter>
203        </activity>
204        <activity
205            android:name="com.facebook.CustomTabActivity"
206            android:exported="true" >
207            <intent-filter>
208                <action android:name="android.intent.action.VIEW" />
208-->src\main\AndroidManifest.xml:174:13-65
208-->src\main\AndroidManifest.xml:174:21-62
209
210                <category android:name="android.intent.category.DEFAULT" />
210-->[com.google.firebase:firebase-auth:22.0.0] AndroidManifest.xml:38:17-76
210-->[com.google.firebase:firebase-auth:22.0.0] AndroidManifest.xml:38:27-73
211                <category android:name="android.intent.category.BROWSABLE" />
211-->[com.google.firebase:firebase-auth:22.0.0] AndroidManifest.xml:39:17-78
211-->[com.google.firebase:firebase-auth:22.0.0] AndroidManifest.xml:39:27-75
212
213                <data android:scheme="@string/fb_login_protocol_scheme" />
213-->src\main\AndroidManifest.xml:175:13-42
213-->src\main\AndroidManifest.xml:175:19-39
214            </intent-filter>
215            <intent-filter>
215-->[com.facebook.android:facebook-common:16.0.1] AndroidManifest.xml:31:13-40:29
216                <action android:name="android.intent.action.VIEW" />
216-->src\main\AndroidManifest.xml:174:13-65
216-->src\main\AndroidManifest.xml:174:21-62
217
218                <category android:name="android.intent.category.DEFAULT" />
218-->[com.google.firebase:firebase-auth:22.0.0] AndroidManifest.xml:38:17-76
218-->[com.google.firebase:firebase-auth:22.0.0] AndroidManifest.xml:38:27-73
219                <category android:name="android.intent.category.BROWSABLE" />
219-->[com.google.firebase:firebase-auth:22.0.0] AndroidManifest.xml:39:17-78
219-->[com.google.firebase:firebase-auth:22.0.0] AndroidManifest.xml:39:27-75
220
221                <data
221-->src\main\AndroidManifest.xml:175:13-42
222                    android:host="cct.com.activeitzone.active_ecommerce_flutter_app"
223                    android:scheme="fbconnect" />
223-->src\main\AndroidManifest.xml:175:19-39
224            </intent-filter>
225        </activity>
226
227        <provider
228            android:name="androidx.core.content.FileProvider"
229            android:authorities="com.activeitzone.active_ecommerce_flutter_app.com.shekarmudaliyar.social_share"
230            android:exported="false"
231            android:grantUriPermissions="true" >
232            <meta-data
232-->[:image_picker_android] AndroidManifest.xml:15:13-17:75
233                android:name="android.support.FILE_PROVIDER_PATHS"
233-->[:image_picker_android] AndroidManifest.xml:16:17-67
234                android:resource="@xml/filepaths" />
234-->[:image_picker_android] AndroidManifest.xml:17:17-72
235        </provider>
236
237        <meta-data
238            android:name="com.google.firebase.messaging.default_notification_channel_id"
239            android:value="high_importance_channel" />
240
241        <service
241-->[:firebase_messaging] AndroidManifest.xml:16:9-19:72
242            android:name="io.flutter.plugins.firebase.messaging.FlutterFirebaseMessagingBackgroundService"
242-->[:firebase_messaging] AndroidManifest.xml:17:13-107
243            android:exported="false"
243-->[:firebase_messaging] AndroidManifest.xml:18:13-37
244            android:permission="android.permission.BIND_JOB_SERVICE" />
244-->[:firebase_messaging] AndroidManifest.xml:19:13-69
245        <service
245-->[:firebase_messaging] AndroidManifest.xml:20:9-26:19
246            android:name="io.flutter.plugins.firebase.messaging.FlutterFirebaseMessagingService"
246-->[:firebase_messaging] AndroidManifest.xml:21:13-97
247            android:exported="false" >
247-->[:firebase_messaging] AndroidManifest.xml:22:13-37
248            <intent-filter>
248-->[:firebase_messaging] AndroidManifest.xml:23:13-25:29
249                <action android:name="com.google.firebase.MESSAGING_EVENT" />
249-->[:firebase_messaging] AndroidManifest.xml:24:17-78
249-->[:firebase_messaging] AndroidManifest.xml:24:25-75
250            </intent-filter>
251        </service>
252
253        <receiver
253-->[:firebase_messaging] AndroidManifest.xml:28:9-35:20
254            android:name="io.flutter.plugins.firebase.messaging.FlutterFirebaseMessagingReceiver"
254-->[:firebase_messaging] AndroidManifest.xml:29:13-98
255            android:exported="true"
255-->[:firebase_messaging] AndroidManifest.xml:30:13-36
256            android:permission="com.google.android.c2dm.permission.SEND" >
256-->[:firebase_messaging] AndroidManifest.xml:31:13-73
257            <intent-filter>
257-->[:firebase_messaging] AndroidManifest.xml:32:13-34:29
258                <action android:name="com.google.android.c2dm.intent.RECEIVE" />
258-->[:firebase_messaging] AndroidManifest.xml:33:17-81
258-->[:firebase_messaging] AndroidManifest.xml:33:25-78
259            </intent-filter>
260        </receiver>
261
262        <service
262-->[:firebase_messaging] AndroidManifest.xml:37:9-41:19
263            android:name="com.google.firebase.components.ComponentDiscoveryService"
263-->[:firebase_messaging] AndroidManifest.xml:37:18-89
264            android:directBootAware="true"
264-->[com.google.firebase:firebase-common:20.3.2] AndroidManifest.xml:34:13-43
265            android:exported="false" >
265-->[com.google.firebase:firebase-analytics-ktx:21.2.2] AndroidManifest.xml:10:13-37
266            <meta-data
266-->[:firebase_messaging] AndroidManifest.xml:38:13-40:85
267                android:name="com.google.firebase.components:io.flutter.plugins.firebase.messaging.FlutterFirebaseAppRegistrar"
267-->[:firebase_messaging] AndroidManifest.xml:39:17-128
268                android:value="com.google.firebase.components.ComponentRegistrar" />
268-->[:firebase_messaging] AndroidManifest.xml:40:17-82
269            <meta-data
269-->[:firebase_core] AndroidManifest.xml:11:13-13:85
270                android:name="com.google.firebase.components:io.flutter.plugins.firebase.core.FlutterFirebaseCoreRegistrar"
270-->[:firebase_core] AndroidManifest.xml:12:17-124
271                android:value="com.google.firebase.components.ComponentRegistrar" />
271-->[:firebase_core] AndroidManifest.xml:13:17-82
272            <meta-data
272-->[com.google.firebase:firebase-analytics-ktx:21.2.2] AndroidManifest.xml:11:13-13:85
273                android:name="com.google.firebase.components:com.google.firebase.analytics.ktx.FirebaseAnalyticsKtxRegistrar"
273-->[com.google.firebase:firebase-analytics-ktx:21.2.2] AndroidManifest.xml:12:17-126
274                android:value="com.google.firebase.components.ComponentRegistrar" />
274-->[com.google.firebase:firebase-analytics-ktx:21.2.2] AndroidManifest.xml:13:17-82
275            <meta-data
275-->[com.google.firebase:firebase-firestore-ktx:24.6.0] AndroidManifest.xml:14:13-16:85
276                android:name="com.google.firebase.components:com.google.firebase.firestore.ktx.FirebaseFirestoreKtxRegistrar"
276-->[com.google.firebase:firebase-firestore-ktx:24.6.0] AndroidManifest.xml:15:17-126
277                android:value="com.google.firebase.components.ComponentRegistrar" />
277-->[com.google.firebase:firebase-firestore-ktx:24.6.0] AndroidManifest.xml:16:17-82
278            <meta-data
278-->[com.google.firebase:firebase-auth-ktx:22.0.0] AndroidManifest.xml:11:13-13:85
279                android:name="com.google.firebase.components:com.google.firebase.auth.ktx.FirebaseAuthKtxRegistrar"
279-->[com.google.firebase:firebase-auth-ktx:22.0.0] AndroidManifest.xml:12:17-116
280                android:value="com.google.firebase.components.ComponentRegistrar" />
280-->[com.google.firebase:firebase-auth-ktx:22.0.0] AndroidManifest.xml:13:17-82
281            <meta-data
281-->[com.google.firebase:firebase-auth:22.0.0] AndroidManifest.xml:69:13-71:85
282                android:name="com.google.firebase.components:com.google.firebase.auth.FirebaseAuthRegistrar"
282-->[com.google.firebase:firebase-auth:22.0.0] AndroidManifest.xml:70:17-109
283                android:value="com.google.firebase.components.ComponentRegistrar" />
283-->[com.google.firebase:firebase-auth:22.0.0] AndroidManifest.xml:71:17-82
284            <meta-data
284-->[com.google.firebase:firebase-messaging:23.1.2] AndroidManifest.xml:55:13-57:85
285                android:name="com.google.firebase.components:com.google.firebase.messaging.FirebaseMessagingRegistrar"
285-->[com.google.firebase:firebase-messaging:23.1.2] AndroidManifest.xml:56:17-119
286                android:value="com.google.firebase.components.ComponentRegistrar" />
286-->[com.google.firebase:firebase-messaging:23.1.2] AndroidManifest.xml:57:17-82
287            <meta-data
287-->[com.google.firebase:firebase-firestore:24.6.0] AndroidManifest.xml:19:13-21:85
288                android:name="com.google.firebase.components:com.google.firebase.firestore.FirestoreRegistrar"
288-->[com.google.firebase:firebase-firestore:24.6.0] AndroidManifest.xml:20:17-111
289                android:value="com.google.firebase.components.ComponentRegistrar" />
289-->[com.google.firebase:firebase-firestore:24.6.0] AndroidManifest.xml:21:17-82
290            <meta-data
290-->[com.google.firebase:firebase-iid:21.1.0] AndroidManifest.xml:32:13-34:85
291                android:name="com.google.firebase.components:com.google.firebase.iid.Registrar"
291-->[com.google.firebase:firebase-iid:21.1.0] AndroidManifest.xml:33:17-96
292                android:value="com.google.firebase.components.ComponentRegistrar" />
292-->[com.google.firebase:firebase-iid:21.1.0] AndroidManifest.xml:34:17-82
293            <meta-data
293-->[com.google.firebase:firebase-datatransport:18.1.7] AndroidManifest.xml:27:13-29:85
294                android:name="com.google.firebase.components:com.google.firebase.datatransport.TransportRegistrar"
294-->[com.google.firebase:firebase-datatransport:18.1.7] AndroidManifest.xml:28:17-115
295                android:value="com.google.firebase.components.ComponentRegistrar" />
295-->[com.google.firebase:firebase-datatransport:18.1.7] AndroidManifest.xml:29:17-82
296            <meta-data
296-->[com.google.firebase:firebase-common-ktx:20.3.2] AndroidManifest.xml:14:13-16:85
297                android:name="com.google.firebase.components:com.google.firebase.ktx.FirebaseCommonKtxRegistrar"
297-->[com.google.firebase:firebase-common-ktx:20.3.2] AndroidManifest.xml:15:17-113
298                android:value="com.google.firebase.components.ComponentRegistrar" />
298-->[com.google.firebase:firebase-common-ktx:20.3.2] AndroidManifest.xml:16:17-82
299            <meta-data
299-->[com.google.android.gms:play-services-measurement-api:21.2.2] AndroidManifest.xml:31:13-33:85
300                android:name="com.google.firebase.components:com.google.firebase.analytics.connector.internal.AnalyticsConnectorRegistrar"
300-->[com.google.android.gms:play-services-measurement-api:21.2.2] AndroidManifest.xml:32:17-139
301                android:value="com.google.firebase.components.ComponentRegistrar" />
301-->[com.google.android.gms:play-services-measurement-api:21.2.2] AndroidManifest.xml:33:17-82
302            <meta-data
302-->[com.google.firebase:firebase-installations:17.1.3] AndroidManifest.xml:17:13-19:85
303                android:name="com.google.firebase.components:com.google.firebase.installations.FirebaseInstallationsRegistrar"
303-->[com.google.firebase:firebase-installations:17.1.3] AndroidManifest.xml:18:17-127
304                android:value="com.google.firebase.components.ComponentRegistrar" />
304-->[com.google.firebase:firebase-installations:17.1.3] AndroidManifest.xml:19:17-82
305        </service>
306
307        <provider
307-->[:firebase_messaging] AndroidManifest.xml:43:9-47:38
308            android:name="io.flutter.plugins.firebase.messaging.FlutterFirebaseMessagingInitProvider"
308-->[:firebase_messaging] AndroidManifest.xml:44:13-102
309            android:authorities="com.activeitzone.active_ecommerce_flutter_app.flutterfirebasemessaginginitprovider"
309-->[:firebase_messaging] AndroidManifest.xml:45:13-88
310            android:exported="false"
310-->[:firebase_messaging] AndroidManifest.xml:46:13-37
311            android:initOrder="99" />
311-->[:firebase_messaging] AndroidManifest.xml:47:13-35
312
313        <service
313-->[:geolocator_android] AndroidManifest.xml:12:9-16:56
314            android:name="com.baseflow.geolocator.GeolocatorLocationService"
314-->[:geolocator_android] AndroidManifest.xml:13:13-77
315            android:enabled="true"
315-->[:geolocator_android] AndroidManifest.xml:14:13-35
316            android:exported="false"
316-->[:geolocator_android] AndroidManifest.xml:15:13-37
317            android:foregroundServiceType="location" />
317-->[:geolocator_android] AndroidManifest.xml:16:13-53
318
319        <receiver
319-->[:flutter_local_notifications] AndroidManifest.xml:16:9-18:40
320            android:name="com.dexterous.flutterlocalnotifications.ActionBroadcastReceiver"
320-->[:flutter_local_notifications] AndroidManifest.xml:17:13-91
321            android:exported="false" />
321-->[:flutter_local_notifications] AndroidManifest.xml:18:13-37
322        <receiver
322-->[:flutter_local_notifications] AndroidManifest.xml:19:9-21:40
323            android:name="com.dexterous.flutterlocalnotifications.ScheduledNotificationReceiver"
323-->[:flutter_local_notifications] AndroidManifest.xml:20:13-97
324            android:exported="false" />
324-->[:flutter_local_notifications] AndroidManifest.xml:21:13-37
325        <receiver
325-->[:flutter_local_notifications] AndroidManifest.xml:22:9-31:20
326            android:name="com.dexterous.flutterlocalnotifications.ScheduledNotificationBootReceiver"
326-->[:flutter_local_notifications] AndroidManifest.xml:23:13-101
327            android:exported="false" >
327-->[:flutter_local_notifications] AndroidManifest.xml:24:13-37
328            <intent-filter>
328-->[:flutter_local_notifications] AndroidManifest.xml:25:13-30:29
329                <action android:name="android.intent.action.BOOT_COMPLETED" />
329-->[:flutter_local_notifications] AndroidManifest.xml:26:17-79
329-->[:flutter_local_notifications] AndroidManifest.xml:26:25-76
330                <action android:name="android.intent.action.MY_PACKAGE_REPLACED" />
330-->[:flutter_local_notifications] AndroidManifest.xml:27:17-84
330-->[:flutter_local_notifications] AndroidManifest.xml:27:25-81